<?xml version="1.0" encoding="UTF-8"?>
<!-- Generated by org.testng.reporters.JUnitReportReporter -->
<testsuite skipped="0" hostname="LP-5CD812F4FY" name="Demo.Scroll_with_in_page" tests="1" failures="0" timestamp="16 Aug 2021 17:42:39 GMT" time="14.600" errors="0">
  <testcase name="f" time="14.600" classname="Demo.Scroll_with_in_page"/>
</testsuite> <!-- Demo.Scroll_with_in_page -->
