<?xml version="1.0" encoding="UTF-8"?>
<!-- Generated by org.testng.reporters.JUnitReportReporter -->
<testsuite skipped="0" hostname="LP-5CD812F4FY" name="Demo.Scroll" tests="1" failures="0" timestamp="16 Aug 2021 13:41:47 GMT" time="20.532" errors="0">
  <testcase name="f" time="20.532" classname="Demo.Scroll"/>
</testsuite> <!-- Demo.Scroll -->
