<?xml version="1.0" encoding="UTF-8"?>
<!-- Generated by org.testng.reporters.JUnitReportReporter -->
<testsuite skipped="0" hostname="LP-5CD812F4FY" name="Demo.Get_Cookies" tests="1" failures="0" timestamp="23 Aug 2021 18:15:09 GMT" time="53.454" errors="0">
  <testcase name="Cookie_get" time="53.454" classname="Demo.Get_Cookies"/>
</testsuite> <!-- Demo.Get_Cookies -->
