<?xml version="1.0" encoding="UTF-8"?>
<!-- Generated by org.testng.reporters.JUnitReportReporter -->
<testsuite skipped="0" hostname="LP-5CD812F4FY" name="Demo.File_send_to_stackeholder_configuration" tests="1" failures="0" timestamp="18 Aug 2021 05:53:18 GMT" time="28.138" errors="0">
  <testcase name="f" time="28.138" classname="Demo.File_send_to_stackeholder_configuration"/>
</testsuite> <!-- Demo.File_send_to_stackeholder_configuration -->
