<?xml version="1.0" encoding="UTF-8"?>
<!-- Generated by org.testng.reporters.JUnitReportReporter -->
<testsuite skipped="0" hostname="LP-5CD812F4FY" name="Listener.IInvokedMethod.TestNG" tests="2" failures="0" timestamp="23 Aug 2021 17:16:07 GMT" time="0.011" errors="0">
  <testcase name="firstTest" time="0.009" classname="Listener.IInvokedMethod.TestNG"/>
  <testcase name="secondTest" time="0.002" classname="Listener.IInvokedMethod.TestNG"/>
</testsuite> <!-- Listener.IInvokedMethod.TestNG -->
