<?xml version="1.0" encoding="UTF-8"?>
<!-- Generated by org.testng.reporters.JUnitReportReporter -->
<testsuite skipped="0" hostname="LP-5CD812F4FY" name="Demo.Add_Cookies" tests="1" failures="0" timestamp="23 Aug 2021 18:03:08 GMT" time="34.436" errors="0">
  <testcase name="Addcookies" time="34.436" classname="Demo.Add_Cookies"/>
</testsuite> <!-- Demo.Add_Cookies -->
