<?xml version="1.0" encoding="UTF-8"?>
<!-- Generated by org.testng.reporters.JUnitReportReporter -->
<testsuite skipped="0" hostname="LP-5CD812F4FY" name="runner.run1" tests="3" failures="0" timestamp="19 Aug 2021 17:44:23 GMT" time="0.161" errors="0">
  <testcase name="runScenario" time="0.003" classname="runner.run1"/>
  <testcase name="runScenario" time="0.004" classname="runner.run1"/>
  <testcase name="runScenario" time="0.154" classname="runner.run1"/>
</testsuite> <!-- runner.run1 -->
