<?xml version="1.0" encoding="UTF-8"?>
<!-- Generated by org.testng.reporters.JUnitReportReporter -->
<testsuite skipped="0" hostname="LP-5CD812F4FY" name="Demo.Download_file" tests="1" failures="0" timestamp="18 Aug 2021 05:30:21 GMT" time="19.260" errors="0">
  <testcase name="f" time="19.260" classname="Demo.Download_file"/>
</testsuite> <!-- Demo.Download_file -->
