<?xml version="1.0" encoding="UTF-8"?>
<!-- Generated by org.testng.reporters.JUnitReportReporter -->
<testsuite skipped="0" hostname="LP-5CD812F4FY" name="Functionality.login_and_search" tests="1" failures="0" timestamp="18 Aug 2021 06:08:41 GMT" time="36.425" errors="0">
  <testcase name="login_Search" time="36.425" classname="Functionality.login_and_search"/>
</testsuite> <!-- Functionality.login_and_search -->
