<?xml version="1.0" encoding="UTF-8"?>
<!-- Generated by org.testng.reporters.JUnitReportReporter -->
<testsuite skipped="0" hostname="LP-5CD812F4FY" name="Demo.Extended_report" tests="2" failures="0" timestamp="25 Aug 2021 05:56:01 GMT" time="12.737" errors="0">
  <testcase name="failed_test" time="3.558" classname="Demo.Extended_report"/>
  <testcase name="extentReportsDemo" time="9.179" classname="Demo.Extended_report"/>
</testsuite> <!-- Demo.Extended_report -->
