<?xml version="1.0" encoding="UTF-8"?>
<!-- Generated by org.testng.reporters.JUnitReportReporter -->
<testsuite skipped="0" hostname="LP-5CD812F4FY" name="runner.run2" tests="3" failures="0" timestamp="24 Aug 2021 07:31:50 GMT" time="49.249" errors="0">
  <testcase name="runScenario" time="21.989" classname="runner.run2"/>
  <testcase name="runScenario" time="18.597" classname="runner.run2"/>
  <testcase name="runScenario" time="8.663" classname="runner.run2"/>
</testsuite> <!-- runner.run2 -->
