<?xml version="1.0" encoding="UTF-8"?>
<!-- Generated by org.testng.reporters.JUnitReportReporter -->
<testsuite skipped="0" hostname="LP-5CD812F4FY" name="Demo.Write_using_apche_poi" tests="1" failures="0" timestamp="17 Aug 2021 17:39:12 GMT" time="21.703" errors="0">
  <testcase name="f" time="21.703" classname="Demo.Write_using_apche_poi"/>
</testsuite> <!-- Demo.Write_using_apche_poi -->
