<?xml version="1.0" encoding="UTF-8"?>
<!-- Generated by org.testng.reporters.JUnitReportReporter -->
<testsuite hostname="DESKTOP-5CUEQ7S" name="Demo.Orderd_list" tests="1" failures="0" timestamp="12 Aug 2021 13:00:21 GMT" time="64.492" errors="0">
  <testcase name="f" time="64.492" classname="Demo.Orderd_list"/>
</testsuite> <!-- Demo.Orderd_list -->
