<?xml version="1.0" encoding="UTF-8"?>
<!-- Generated by org.testng.reporters.JUnitReportReporter -->
<testsuite skipped="0" hostname="LP-5CD812F4FY" name="Functionality.PF_login_search" tests="1" failures="0" timestamp="16 Aug 2021 18:22:16 GMT" time="69.745" errors="0">
  <testcase name="f" time="69.745" classname="Functionality.PF_login_search"/>
</testsuite> <!-- Functionality.PF_login_search -->
