<?xml version="1.0" encoding="UTF-8"?>
<!-- Generated by org.testng.reporters.JUnitReportReporter -->
<testsuite hostname="DESKTOP-5CUEQ7S" name="Demo.Unordered_list" tests="1" failures="0" timestamp="12 Aug 2021 13:11:34 GMT" time="151.897" errors="0">
  <testcase name="f" time="151.897" classname="Demo.Unordered_list"/>
</testsuite> <!-- Demo.Unordered_list -->
