<?xml version="1.0" encoding="UTF-8"?>
<!-- Generated by org.testng.reporters.JUnitReportReporter -->
<testsuite skipped="0" hostname="LP-5CD812F4FY" name="Demo.read_data_from_jxljar" tests="1" failures="0" timestamp="17 Aug 2021 17:25:33 GMT" time="105.896" errors="0">
  <testcase name="f" time="105.896" classname="Demo.read_data_from_jxljar"/>
</testsuite> <!-- Demo.read_data_from_jxljar -->
