<?xml version="1.0" encoding="UTF-8"?>
<!-- Generated by org.testng.reporters.JUnitReportReporter -->
<testsuite skipped="0" hostname="LP-5CD812F4FY" name="Listener.ISuiteListener.TestNG_test1" tests="1" failures="0" timestamp="24 Aug 2021 04:56:09 GMT" time="0.014" errors="0">
  <testcase name="test" time="0.014" classname="Listener.ISuiteListener.TestNG_test1"/>
</testsuite> <!-- Listener.ISuiteListener.TestNG_test1 -->
