<?xml version="1.0" encoding="UTF-8"?>
<!-- Generated by org.testng.reporters.JUnitReportReporter -->
<testsuite skipped="0" hostname="LP-5CD812F4FY" name="Demo.Add_cookie" tests="1" failures="0" timestamp="24 Aug 2021 04:31:14 GMT" time="20.030" errors="0">
  <testcase name="f" time="20.030" classname="Demo.Add_cookie"/>
</testsuite> <!-- Demo.Add_cookie -->
